c:\users\ashsp\onedrive\transvac 2017\yed parser\yed parser\debug\yed parser.pch
c:\users\ashsp\onedrive\transvac 2017\yed parser\yed parser\debug\vc141.pdb
c:\users\ashsp\onedrive\transvac 2017\yed parser\yed parser\debug\vc141.idb
c:\users\ashsp\onedrive\transvac 2017\yed parser\yed parser\debug\stdafx.obj
c:\users\ashsp\onedrive\transvac 2017\yed parser\yed parser\debug\edge.obj
c:\users\ashsp\onedrive\transvac 2017\yed parser\yed parser\debug\entry.obj
c:\users\ashsp\onedrive\transvac 2017\yed parser\yed parser\debug\node.obj
c:\users\ashsp\onedrive\transvac 2017\yed parser\yed parser\debug\yed parser.obj
c:\users\ashsp\onedrive\transvac 2017\yed-parser\yed parser\debug\yed parser.pch
c:\users\ashsp\onedrive\transvac 2017\yed-parser\yed parser\debug\vc141.pdb
c:\users\ashsp\onedrive\transvac 2017\yed-parser\yed parser\debug\vc141.idb
c:\users\ashsp\onedrive\transvac 2017\yed-parser\yed parser\debug\stdafx.obj
c:\users\ashsp\onedrive\transvac 2017\yed-parser\yed parser\debug\node.obj
c:\users\ashsp\onedrive\transvac 2017\yed-parser\yed parser\debug\pipe.obj
c:\users\ashsp\onedrive\transvac 2017\yed-parser\yed parser\debug\yed parser.obj
c:\users\ashsp\onedrive\transvac 2017\yed-parser\yed parser\debug\blower.obj
c:\users\ashsp\onedrive\transvac 2017\yed-parser\yed parser\debug\device.obj
c:\users\ashsp\onedrive\transvac 2017\yed-parser\yed parser\debug\diverter.obj
c:\users\ashsp\onedrive\transvac 2017\yed-parser\yed parser\debug\linearcoupler.obj
c:\users\ashsp\onedrive\transvac 2017\yed parser\debug\yed parser.ilk
c:\users\ashsp\onedrive\transvac 2017\yed parser\debug\yed parser.exe
c:\users\ashsp\onedrive\transvac 2017\yed parser\debug\yed parser.pdb
c:\users\ashsp\onedrive\transvac 2017\yed-parser\yed parser\debug\edge.obj
c:\users\ashsp\onedrive\transvac 2017\yed-parser\yed parser\debug\entry.obj
c:\users\ashsp\onedrive\transvac 2017\yed-parser\debug\yed parser.pdb
c:\users\ashsp\onedrive\transvac 2017\yed-parser\yed parser\debug\yed parser.tlog\cl.command.1.tlog
c:\users\ashsp\onedrive\transvac 2017\yed-parser\yed parser\debug\yed parser.tlog\cl.read.1.tlog
c:\users\ashsp\onedrive\transvac 2017\yed-parser\yed parser\debug\yed parser.tlog\cl.write.1.tlog
c:\users\ashsp\onedrive\transvac 2017\yed-parser\yed parser\debug\yed parser.tlog\link-cvtres.read.1.tlog
c:\users\ashsp\onedrive\transvac 2017\yed-parser\yed parser\debug\yed parser.tlog\link-cvtres.write.1.tlog
c:\users\ashsp\onedrive\transvac 2017\yed-parser\yed parser\debug\yed parser.tlog\link-rc.read.1.tlog
c:\users\ashsp\onedrive\transvac 2017\yed-parser\yed parser\debug\yed parser.tlog\link-rc.write.1.tlog
c:\users\ashsp\onedrive\transvac 2017\yed-parser\yed parser\debug\yed parser.tlog\link.command.1.tlog
c:\users\ashsp\onedrive\transvac 2017\yed-parser\yed parser\debug\yed parser.tlog\link.read.1.tlog
c:\users\ashsp\onedrive\transvac 2017\yed-parser\yed parser\debug\yed parser.tlog\link.write.1.tlog
